"../../../BiomaticSGame/Content/Maps/Level2_BuiltData.uasset" 0
"../../../BiomaticSGame/Content/Given/Geometry/Meshes/CubeMaterial.uasset" 1
"../../../BiomaticSGame/Content/Given/Geometry/Meshes/1M_Cube.uasset" 2
"../../../BiomaticSGame/Content/NewBlueprint.uasset" 3
"../../../BiomaticSGame/Content/Cinematics/boss/boss_shot.uasset" 4
"../../../BiomaticSGame/Content/Cinematics/boss/master_boss.uasset" 5
"../../../BiomaticSGame/Content/Cinematics/cinematic01/shot1_1.uasset" 6
"../../../BiomaticSGame/Content/Cinematics/cinematic01/master01.uasset" 7
"../../../BiomaticSGame/Content/materials/enemies/m_ghost_body.uasset" 8
"../../../BiomaticSGame/Content/materials/enemies/m_ghost_eyes.uasset" 9
"../../../Engine/Content/Functions/Engine_MaterialFunctions01/Opacity/CameraDepthFade.uasset" 10
"../../../Engine/Content/EngineMaterials/T_Default_Material_Grid_M.uasset" 11
"../../../Engine/Content/EngineMaterials/T_Default_Material_Grid_N.uasset" 12
"../../../Engine/Content/EngineMaterials/DefaultMaterial.uasset" 13
"../../../Engine/Content/BasicShapes/Sphere.uasset" 14
"../../../BiomaticSGame/Content/Imported/ghost/ghost_body_animation_PhysicsAsset.uasset" 15
"../../../BiomaticSGame/Content/Imported/ghost/ghost_body_animation_Skeleton.uasset" 16
"../../../BiomaticSGame/Content/Imported/ghost/ghost_body_animation.uasset" 17
"../../../BiomaticSGame/Content/materials/enemies/m_ghost_face.uasset" 18
"../../../BiomaticSGame/Content/Imported/ghost/ghost_face.uasset" 19
"../../../BiomaticSGame/Content/Cinematics/enemyCinematics.uasset" 20
"../../../BiomaticSGame/Content/Cinematics/cinematic01/master01_1.uasset" 21
"../../../Engine/Content/EditorBlueprintResources/StandardMacros.uasset" 22
"../../../BiomaticSGame/Content/Given/FirstPerson/Character/Mesh/SK_Mannequin_Arms_Skeleton.uasset" 23
"../../../BiomaticSGame/Content/Given/FirstPerson/Animations/FirstPerson_Fire.uasset" 24
"../../../BiomaticSGame/Content/Given/FirstPerson/Animations/FirstPersonFire_Montage.uasset" 25
"../../../BiomaticSGame/Content/Objects/enemies/enemyState.uasset" 26
"../../../BiomaticSGame/Content/Objects/enemies/enemyBlackboard.uasset" 27
"../../../BiomaticSGame/Content/Objects/enemies/BTTAttack.uasset" 28
"../../../BiomaticSGame/Content/Objects/enemies/BTTSpeed.uasset" 29
"../../../BiomaticSGame/Content/Objects/enemies/BTTtoPoint.uasset" 30
"../../../BiomaticSGame/Content/Objects/GOODdoorTriggers/openDoorInterface.uasset" 31
"../../../BiomaticSGame/Content/Fonts/Living_Hell.uasset" 32
"../../../BiomaticSGame/Content/Fonts/Living_Hell_Font.uasset" 33
"../../../BiomaticSGame/Content/HUD/E_HUD.uasset" 34
"../../../BiomaticSGame/Content/Objects/enemies/enemyInterface.uasset" 35
"../../../BiomaticSGame/Content/Objects/enemies/enemyBTSvisionCheck.uasset" 36
"../../../BiomaticSGame/Content/Objects/enemies/enemyTree.uasset" 37
"../../../BiomaticSGame/Content/Objects/enemies/enemyController.uasset" 38
"../../../Engine/Content/EngineMaterials/WorldGridMaterial.uasset" 39
"../../../BiomaticSGame/Content/Imported/arm.uasset" 40
"../../../BiomaticSGame/Content/Sound/ghostDie.uasset" 41
"../../../BiomaticSGame/Content/Sound/GhostHit2.uasset" 42
"../../../BiomaticSGame/Content/Sound/ghostMoving.uasset" 43
"../../../BiomaticSGame/Content/Objects/enemies/enemy.uasset" 44
"../../../BiomaticSGame/Content/Given/StarterContent/Textures/T_Burst_M.uasset" 45
"../../../BiomaticSGame/Content/Given/StarterContent/Particles/Materials/M_Burst.uasset" 46
"../../../BiomaticSGame/Content/Given/StarterContent/Particles/P_Explosion.uasset" 47
"../../../BiomaticSGame/Content/Given/StarterContent/Particles/p_gun.uasset" 48
"../../../BiomaticSGame/Content/Given/FirstPersonBP/Blueprints/FirstPersonProjectile.uasset" 49
"../../../BiomaticSGame/Content/HUD/BloodDecalInterface.uasset" 50
"../../../BiomaticSGame/Content/materials/weapons/m_key.uasset" 51
"../../../BiomaticSGame/Content/Imported/gun/key.uasset" 52
"../../../BiomaticSGame/Content/Sound/narrations/bosskey.uasset" 53
"../../../BiomaticSGame/Content/Objects/boss/key.uasset" 54
"../../../BiomaticSGame/Content/materials/basic/wood/m_wood01.uasset" 55
"../../../BiomaticSGame/Content/materials/basic/metal/m_metal01.uasset" 56
"../../../BiomaticSGame/Content/materials/basic/metal/m_metal03.uasset" 57
"../../../BiomaticSGame/Content/Imported/doors/door01/door01_Cube.uasset" 58
"../../../BiomaticSGame/Content/Imported/doors/door01/door01_Cube_001.uasset" 59
"../../../BiomaticSGame/Content/Imported/doors/door01/door01_Cylinder_001.uasset" 60
"../../../BiomaticSGame/Content/Imported/modular/base/door1/door01_Cube.uasset" 61
"../../../BiomaticSGame/Content/Imported/modular/base/door1/door01_Cylinder.uasset" 62
"../../../BiomaticSGame/Content/Sound/creakyDoor.uasset" 63
"../../../BiomaticSGame/Content/Sound/doorSlam2.uasset" 64
"../../../BiomaticSGame/Content/Objects/GOODdoorTriggers/baseDoor.uasset" 65
"../../../BiomaticSGame/Content/materials/basic/doors/m_glass_frame.uasset" 66
"../../../BiomaticSGame/Content/images/Frosted-Glass-Texture.uasset" 67
"../../../BiomaticSGame/Content/images/frosted_glass_normal.uasset" 68
"../../../BiomaticSGame/Content/materials/basic/window_ambient.uasset" 69
"../../../BiomaticSGame/Content/Imported/doors/MainDoor/door_entrence_Cube.uasset" 70
"../../../BiomaticSGame/Content/Imported/doors/MainDoor/door_entrence_Cube_001.uasset" 71
"../../../BiomaticSGame/Content/Imported/doors/MainDoor/door_entrence_Cube_002.uasset" 72
"../../../BiomaticSGame/Content/Imported/doors/MainDoor/door_entrence_Cube_003.uasset" 73
"../../../BiomaticSGame/Content/Imported/doors/MainDoor/door_entrence_Cube_004.uasset" 74
"../../../BiomaticSGame/Content/Objects/GOODdoorTriggers/doorwithKey.uasset" 75
"../../../BiomaticSGame/Content/Fonts/Shoguns_Clan.uasset" 76
"../../../BiomaticSGame/Content/Fonts/Shoguns_Clan_Font.uasset" 77
"../../../BiomaticSGame/Content/HUD/whitefade.uasset" 78
"../../../BiomaticSGame/Content/Objects/GOODdoorTriggers/doorwithKey1.uasset" 79
"../../../BiomaticSGame/Content/Objects/GOODdoorTriggers/oneSidedDoor.uasset" 80
"../../../BiomaticSGame/Content/Imported/boss/boss_skull.uasset" 81
"../../../BiomaticSGame/Content/Sound/BOSSFDIE.uasset" 82
"../../../BiomaticSGame/Content/Sound/BOSSHIT.uasset" 83
"../../../BiomaticSGame/Content/Objects/boss/boss.uasset" 84
"../../../BiomaticSGame/Content/Cinematics/videos/NewMediaPlayer_Video.uasset" 85
"../../../BiomaticSGame/Content/Cinematics/videos/NewMediaPlayer.uasset" 86
"../../../BiomaticSGame/Content/Cinematics/videos/shot_entrance.uasset" 87
"../../../BiomaticSGame/Content/Cinematics/videos/shotBossGood.uasset" 88
"../../../BiomaticSGame/Content/Cinematics/videos/shotgun.uasset" 89
"../../../BiomaticSGame/Content/Cinematics/videos/NewMediaPlaylist.uasset" 90
"../../../BiomaticSGame/Content/Cinematics/videos/bossgoodWAV.uasset" 91
"../../../BiomaticSGame/Content/Cinematics/videos/entrencegoodWAV.uasset" 92
"../../../BiomaticSGame/Content/Cinematics/videos/gungoodWAV.uasset" 93
"../../../BiomaticSGame/Content/Sound/narrations/lvl23.uasset" 94
"../../../BiomaticSGame/Content/Cinematics/videos/cutscene01.uasset" 95
"../../../BiomaticSGame/Content/Given/FirstPerson/Audio/FirstPersonTemplateWeaponFire02.uasset" 96
"../../../BiomaticSGame/Content/images/Decals/bloodWidget.uasset" 97
"../../../BiomaticSGame/Content/HUD/BloodDecalScreen.uasset" 98
"../../../BiomaticSGame/Content/materials/weapons/m_gun.uasset" 99
"../../../BiomaticSGame/Content/Imported/gun/gun.uasset" 100
"../../../BiomaticSGame/Content/materials/weapons/m_stick.uasset" 101
"../../../BiomaticSGame/Content/Imported/gun/stick.uasset" 102
"../../../BiomaticSGame/Content/Sound/empty_gun_good.uasset" 103
"../../../BiomaticSGame/Content/Sound/gunShot.uasset" 104
"../../../BiomaticSGame/Content/Sound/melee.uasset" 105
"../../../BiomaticSGame/Content/Sound/ouch01.uasset" 106
"../../../BiomaticSGame/Content/Sound/ouch02.uasset" 107
"../../../BiomaticSGame/Content/Given/FirstPersonBP/Blueprints/FirstPersonCharacter.uasset" 108
"../../../BiomaticSGame/Content/materials/weapons/m_ammo.uasset" 109
"../../../BiomaticSGame/Content/Imported/gun/ammo.uasset" 110
"../../../BiomaticSGame/Content/Sound/Pickup_Coin13.uasset" 111
"../../../BiomaticSGame/Content/Objects/ammo.uasset" 112
"../../../BiomaticSGame/Content/Cinematics/cinematic01/master02.uasset" 113
"../../../BiomaticSGame/Content/Fonts/Zombie_Holocaust.uasset" 114
"../../../BiomaticSGame/Content/Fonts/Zombie_Holocaust_Font.uasset" 115
"../../../BiomaticSGame/Content/Given/FirstPerson/Animations/FirstPerson_Idle.uasset" 116
"../../../BiomaticSGame/Content/Given/FirstPerson/Animations/FirstPerson_JumpEnd.uasset" 117
"../../../BiomaticSGame/Content/Given/FirstPerson/Animations/FirstPerson_JumpLoop.uasset" 118
"../../../BiomaticSGame/Content/Given/FirstPerson/Animations/FirstPerson_JumpStart.uasset" 119
"../../../BiomaticSGame/Content/Given/FirstPerson/Animations/FirstPerson_Run.uasset" 120
"../../../BiomaticSGame/Content/Given/FirstPerson/Animations/FirstPerson_AnimBP.uasset" 121
"../../../BiomaticSGame/Content/Given/FirstPerson/Character/Textures/UE4_LOGO_CARD.uasset" 122
"../../../BiomaticSGame/Content/Given/FirstPerson/FPWeapon/Materials/MaterialLayers/ML_Plastic_Shiny_Beige_LOGO.uasset" 123
"../../../BiomaticSGame/Content/Given/FirstPerson/FPWeapon/Materials/MaterialLayers/T_ML_FineRubber.uasset" 124
"../../../BiomaticSGame/Content/Given/FirstPerson/FPWeapon/Mesh/SK_FPGun_PhysicsAsset.uasset" 125
"../../../BiomaticSGame/Content/Given/FirstPerson/Meshes/BaseMaterial.uasset" 126
"../../../BiomaticSGame/Content/Given/FirstPerson/Meshes/CubeMaterialOverride.uasset" 127
"../../../BiomaticSGame/Content/Given/FirstPerson/Meshes/FirstPersonProjectileMaterial.uasset" 128
"../../../BiomaticSGame/Content/Given/FirstPerson/Meshes/FirstPersonProjectileMesh.uasset" 129
"../../../BiomaticSGame/Content/Given/FirstPerson/Textures/FirstPersonCrosshair.uasset" 130
"../../../BiomaticSGame/Content/Given/FirstPersonBP/Maps/FirstPersonExampleMap_BuiltData.uasset" 131
"../../../BiomaticSGame/Content/Given/Geometry/Meshes/1M_Cube_Chamfer.uasset" 132
"../../../BiomaticSGame/Content/Given/Geometry/Meshes/TemplateFloor.uasset" 133
"../../../BiomaticSGame/Content/Given/StarterContent/Materials/M_Basic_Floor.uasset" 134
"../../../BiomaticSGame/Content/Given/StarterContent/Architecture/Floor_400x400.uasset" 135
"../../../BiomaticSGame/Content/Given/StarterContent/Materials/M_Basic_Wall.uasset" 136
"../../../BiomaticSGame/Content/Given/StarterContent/Architecture/Pillar_50x500.uasset" 137
"../../../BiomaticSGame/Content/Given/StarterContent/Materials/M_AssetPlatform.uasset" 138
"../../../BiomaticSGame/Content/Given/StarterContent/Architecture/SM_AssetPlatform.uasset" 139
"../../../BiomaticSGame/Content/Given/StarterContent/Architecture/Wall_400x200.uasset" 140
"../../../BiomaticSGame/Content/Given/StarterContent/Architecture/Wall_400x300.uasset" 141
"../../../BiomaticSGame/Content/Given/StarterContent/Architecture/Wall_400x400.uasset" 142
"../../../BiomaticSGame/Content/Given/StarterContent/Architecture/Wall_500x500.uasset" 143
"../../../BiomaticSGame/Content/Given/StarterContent/Architecture/Wall_Door_400x300.uasset" 144
"../../../BiomaticSGame/Content/Given/StarterContent/Architecture/Wall_Door_400x400.uasset" 145
"../../../BiomaticSGame/Content/Given/StarterContent/Architecture/Wall_Window_400x300.uasset" 146
"../../../BiomaticSGame/Content/Given/StarterContent/Architecture/Wall_Window_400x400.uasset" 147
"../../../BiomaticSGame/Content/Given/StarterContent/Audio/Collapse01.uasset" 148
"../../../BiomaticSGame/Content/Given/StarterContent/Audio/Collapse02.uasset" 149
"../../../BiomaticSGame/Content/Given/StarterContent/Audio/Collapse_Cue.uasset" 150
"../../../BiomaticSGame/Content/Given/StarterContent/Audio/Light01.uasset" 151
"../../../BiomaticSGame/Content/Given/StarterContent/Audio/Light01_Cue.uasset" 152
"../../../BiomaticSGame/Content/Given/StarterContent/Audio/Light02.uasset" 153
"../../../BiomaticSGame/Content/Given/StarterContent/Audio/Light02_Cue.uasset" 154
"../../../BiomaticSGame/Content/Given/StarterContent/Audio/Starter_Birds01.uasset" 155
"../../../BiomaticSGame/Content/Given/StarterContent/Audio/Starter_Wind05.uasset" 156
"../../../BiomaticSGame/Content/Given/StarterContent/Audio/Starter_Wind06.uasset" 157
"../../../BiomaticSGame/Content/Given/StarterContent/Audio/Starter_Background_Cue.uasset" 158
"../../../BiomaticSGame/Content/Given/StarterContent/Audio/Starter_Music01.uasset" 159
"../../../BiomaticSGame/Content/Given/StarterContent/Audio/Starter_Music_Cue.uasset" 160
"../../../BiomaticSGame/Content/Given/StarterContent/Textures/T_Lamp_M.uasset" 161
"../../../BiomaticSGame/Content/Given/StarterContent/Textures/T_Lamp_N.uasset" 162
"../../../BiomaticSGame/Content/Given/StarterContent/Props/Materials/M_Lamp.uasset" 163
"../../../BiomaticSGame/Content/Given/StarterContent/Props/SM_Lamp_Ceiling.uasset" 164
"../../../BiomaticSGame/Content/Given/StarterContent/Blueprints/Blueprint_CeilingLight.uasset" 165
"../../../BiomaticSGame/Content/Given/StarterContent/Audio/Explosion01.uasset" 166
"../../../BiomaticSGame/Content/Given/StarterContent/Audio/Explosion02.uasset" 167
"../../../BiomaticSGame/Content/Given/StarterContent/Audio/Explosion_Cue.uasset" 168
"../../../BiomaticSGame/Content/Given/StarterContent/Blueprints/Blueprint_Effect_Explosion.uasset" 169
"../../../BiomaticSGame/Content/Given/StarterContent/Audio/Fire01.uasset" 170
"../../../BiomaticSGame/Content/Given/StarterContent/Audio/Fire01_Cue.uasset" 171
"../../../BiomaticSGame/Content/Given/StarterContent/Textures/T_Fire_SubUV.uasset" 172
"../../../BiomaticSGame/Content/Given/StarterContent/Textures/T_Fire_Tiled_D.uasset" 173
"../../../BiomaticSGame/Content/Given/StarterContent/Particles/Materials/M_Fire_SubUV.uasset" 174
"../../../BiomaticSGame/Content/Given/StarterContent/Textures/T_Water_N.uasset" 175
"../../../BiomaticSGame/Content/Given/StarterContent/Particles/Materials/M_Heat_Distortion.uasset" 176
"../../../Engine/Content/Functions/Engine_MaterialFunctions01/Gradient/RadialGradient.uasset" 177
"../../../BiomaticSGame/Content/Given/StarterContent/Particles/Materials/M_Radial_Gradient.uasset" 178
"../../../BiomaticSGame/Content/Given/StarterContent/Textures/T_Smoke_SubUV.uasset" 179
"../../../BiomaticSGame/Content/Given/StarterContent/Textures/T_Smoke_Tiled_D.uasset" 180
"../../../BiomaticSGame/Content/Given/StarterContent/Particles/Materials/M_smoke_subUV.uasset" 181
"../../../BiomaticSGame/Content/Given/StarterContent/Particles/P_Fire.uasset" 182
"../../../BiomaticSGame/Content/Given/StarterContent/Blueprints/Blueprint_Effect_Fire.uasset" 183
"../../../BiomaticSGame/Content/Given/StarterContent/Audio/Smoke01.uasset" 184
"../../../BiomaticSGame/Content/Given/StarterContent/Audio/Smoke01_Cue.uasset" 185
"../../../BiomaticSGame/Content/materials/m_particle_skull.uasset" 186
"../../../BiomaticSGame/Content/Given/StarterContent/Particles/P_Smoke.uasset" 187
"../../../BiomaticSGame/Content/Given/StarterContent/Blueprints/Blueprint_Effect_Smoke.uasset" 188
"../../../BiomaticSGame/Content/Given/StarterContent/Audio/Fire_Sparks01.uasset" 189
"../../../BiomaticSGame/Content/Given/StarterContent/Audio/Fire_Sparks01_Cue.uasset" 190
"../../../BiomaticSGame/Content/Given/StarterContent/Textures/T_Spark_Core.uasset" 191
"../../../BiomaticSGame/Content/Given/StarterContent/Particles/Materials/M_Spark.uasset" 192
"../../../BiomaticSGame/Content/Given/StarterContent/Particles/P_Sparks.uasset" 193
"../../../BiomaticSGame/Content/Given/StarterContent/Blueprints/Blueprint_Effect_Sparks.uasset" 194
"../../../BiomaticSGame/Content/Given/StarterContent/Audio/Steam01.uasset" 195
"../../../BiomaticSGame/Content/Given/StarterContent/Audio/Steam01_Cue.uasset" 196
"../../../BiomaticSGame/Content/Given/StarterContent/Particles/P_Steam_Lit.uasset" 197
"../../../BiomaticSGame/Content/Given/StarterContent/Blueprints/Blueprint_Effect_Steam.uasset" 198
"../../../BiomaticSGame/Content/Given/StarterContent/Props/SM_Lamp_Wall.uasset" 199
"../../../BiomaticSGame/Content/Given/StarterContent/Blueprints/Blueprint_WallSconce.uasset" 200
"../../../BiomaticSGame/Content/Given/StarterContent/Blueprints/Assets/FogBrightnessLUT.uasset" 201
"../../../BiomaticSGame/Content/Given/StarterContent/Blueprints/Assets/SunlightColorLUT.uasset" 202
"../../../BiomaticSGame/Content/Given/StarterContent/Blueprints/Assets/M_LightStage_Arrows.uasset" 203
"../../../Engine/Content/MapTemplates/Sky/DaylightAmbientCubemap.uasset" 204
"../../../BiomaticSGame/Content/Given/StarterContent/Blueprints/Assets/M_LightStage_Skybox_Master.uasset" 205
"../../../BiomaticSGame/Content/Given/StarterContent/Blueprints/Assets/M_LightStage_Skybox_Black.uasset" 206
"../../../BiomaticSGame/Content/Given/StarterContent/Blueprints/Assets/M_LightStage_Skybox_HDRI.uasset" 207
"../../../Engine/Content/EditorMaterials/Thumbnails/SkySphereMaterial.uasset" 208
"../../../BiomaticSGame/Content/Given/StarterContent/Blueprints/Assets/Skybox.uasset" 209
"../../../BiomaticSGame/Content/Given/StarterContent/Blueprints/Assets/SM_Arrows.uasset" 210
"../../../BiomaticSGame/Content/Given/StarterContent/HDRI/HDRI_Epic_Courtyard_Daylight.uasset" 211
"../../../BiomaticSGame/Content/Given/StarterContent/Blueprints/BP_LightStudio.uasset" 212
"../../../BiomaticSGame/Content/Given/StarterContent/Maps/Advanced_Lighting_BuiltData.uasset" 213
"../../../BiomaticSGame/Content/Given/StarterContent/Maps/Minimal_Default_BuiltData.uasset" 214
"../../../BiomaticSGame/Content/Given/StarterContent/Maps/StarterMap_BuiltData.uasset" 215
"../../../BiomaticSGame/Content/Given/StarterContent/Textures/T_Brick_Clay_Beveled_D.uasset" 216
"../../../BiomaticSGame/Content/Given/StarterContent/Textures/T_Brick_Clay_Beveled_M.uasset" 217
"../../../BiomaticSGame/Content/Given/StarterContent/Textures/T_Brick_Clay_Beveled_N.uasset" 218
"../../../BiomaticSGame/Content/Given/StarterContent/Textures/T_MacroVariation.uasset" 219
"../../../BiomaticSGame/Content/Given/StarterContent/Materials/M_Brick_Clay_Beveled.uasset" 220
"../../../BiomaticSGame/Content/Given/StarterContent/Textures/T_Brick_Clay_New_D.uasset" 221
"../../../BiomaticSGame/Content/Given/StarterContent/Textures/T_Brick_Clay_New_M.uasset" 222
"../../../BiomaticSGame/Content/Given/StarterContent/Textures/T_Brick_Clay_New_N.uasset" 223
"../../../BiomaticSGame/Content/Given/StarterContent/Textures/T_Detail_Rocky_N.uasset" 224
"../../../BiomaticSGame/Content/Given/StarterContent/Materials/M_Brick_Clay_New.uasset" 225
"../../../BiomaticSGame/Content/Given/StarterContent/Textures/T_Brick_Clay_Old_D.uasset" 226
"../../../BiomaticSGame/Content/Given/StarterContent/Textures/T_Brick_Clay_Old_N.uasset" 227
"../../../BiomaticSGame/Content/Given/StarterContent/Textures/T_Perlin_Noise_M.uasset" 228
"../../../BiomaticSGame/Content/Given/StarterContent/Materials/M_Brick_Clay_Old.uasset" 229
"../../../BiomaticSGame/Content/Given/StarterContent/Textures/T_Brick_Cut_Stone_D.uasset" 230
"../../../BiomaticSGame/Content/Given/StarterContent/Textures/T_Brick_Cut_Stone_N.uasset" 231
"../../../BiomaticSGame/Content/Given/StarterContent/Materials/M_Brick_Cut_Stone.uasset" 232
"../../../BiomaticSGame/Content/Given/StarterContent/Textures/T_Brick_Hewn_Stone_D.uasset" 233
"../../../BiomaticSGame/Content/Given/StarterContent/Textures/T_Brick_Hewn_Stone_M.uasset" 234
"../../../BiomaticSGame/Content/Given/StarterContent/Textures/T_Brick_Hewn_Stone_N.uasset" 235
"../../../BiomaticSGame/Content/Given/StarterContent/Materials/M_Brick_Hewn_Stone.uasset" 236
"../../../BiomaticSGame/Content/Given/StarterContent/Textures/T_Ceramic_Tile_M.uasset" 237
"../../../BiomaticSGame/Content/Given/StarterContent/Textures/T_Ceramic_Tile_N.uasset" 238
"../../../BiomaticSGame/Content/Given/StarterContent/Textures/T_Rock_Marble_Polished_D.uasset" 239
"../../../BiomaticSGame/Content/Given/StarterContent/Materials/M_Ceramic_Tile_Checker.uasset" 240
"../../../BiomaticSGame/Content/Given/StarterContent/Textures/T_CobbleStone_Pebble_D.uasset" 241
"../../../BiomaticSGame/Content/Given/StarterContent/Textures/T_CobbleStone_Pebble_M.uasset" 242
"../../../BiomaticSGame/Content/Given/StarterContent/Textures/T_CobbleStone_Pebble_N.uasset" 243
"../../../BiomaticSGame/Content/Given/StarterContent/Materials/M_CobbleStone_Pebble.uasset" 244
"../../../BiomaticSGame/Content/Given/StarterContent/Textures/T_CobbleStone_Rough_D.uasset" 245
"../../../BiomaticSGame/Content/Given/StarterContent/Textures/T_CobbleStone_Rough_N.uasset" 246
"../../../BiomaticSGame/Content/Given/StarterContent/Textures/T_Gradinet_01.uasset" 247
"../../../BiomaticSGame/Content/Given/StarterContent/Textures/T_Rock_Smooth_Granite_D.uasset" 248
"../../../BiomaticSGame/Content/Given/StarterContent/Materials/M_CobbleStone_Rough.uasset" 249
"../../../BiomaticSGame/Content/Given/StarterContent/Textures/T_CobbleStone_Smooth_D.uasset" 250
"../../../BiomaticSGame/Content/Given/StarterContent/Textures/T_CobbleStone_Smooth_M.uasset" 251
"../../../BiomaticSGame/Content/Given/StarterContent/Textures/T_CobbleStone_Smooth_N.uasset" 252
"../../../BiomaticSGame/Content/Given/StarterContent/Materials/M_CobbleStone_Smooth.uasset" 253
"../../../Engine/Content/EditorMeshes/ColorCalibrator/T_ColorGrid.uasset" 254
"../../../BiomaticSGame/Content/Given/StarterContent/Materials/M_ColorGrid_LowSpec.uasset" 255
"../../../BiomaticSGame/Content/Given/StarterContent/Textures/T_Concrete_Grime_D.uasset" 256
"../../../BiomaticSGame/Content/Given/StarterContent/Textures/T_Metal_Rust_N.uasset" 257
"../../../BiomaticSGame/Content/Given/StarterContent/Materials/M_Concrete_Grime.uasset" 258
"../../../BiomaticSGame/Content/Given/StarterContent/Textures/T_Concrete_Panels_D.uasset" 259
"../../../BiomaticSGame/Content/Given/StarterContent/Textures/T_Concrete_Panels_N.uasset" 260
"../../../BiomaticSGame/Content/Given/StarterContent/Materials/M_Concrete_Panels.uasset" 261
"../../../BiomaticSGame/Content/Given/StarterContent/Textures/T_Concrete_Poured_D.uasset" 262
"../../../BiomaticSGame/Content/Given/StarterContent/Textures/T_Concrete_Poured_N.uasset" 263
"../../../BiomaticSGame/Content/Given/StarterContent/Materials/M_Concrete_Poured.uasset" 264
"../../../BiomaticSGame/Content/Given/StarterContent/Textures/T_Concrete_Tiles_D.uasset" 265
"../../../BiomaticSGame/Content/Given/StarterContent/Textures/T_Concrete_Tiles_M.uasset" 266
"../../../BiomaticSGame/Content/Given/StarterContent/Textures/T_Concrete_Tiles_N.uasset" 267
"../../../BiomaticSGame/Content/Given/StarterContent/Textures/T_Concrete_Tiles_Variation_M.uasset" 268
"../../../BiomaticSGame/Content/Given/StarterContent/Materials/M_Concrete_Tiles.uasset" 269
"../../../BiomaticSGame/Content/Given/StarterContent/Textures/T_Ground_Gravel_D.uasset" 270
"../../../BiomaticSGame/Content/Given/StarterContent/Textures/T_Ground_Gravel_N.uasset" 271
"../../../BiomaticSGame/Content/Given/StarterContent/Materials/M_Ground_Gravel.uasset" 272
"../../../BiomaticSGame/Content/Given/StarterContent/Textures/T_ground_Moss_D.uasset" 273
"../../../BiomaticSGame/Content/Given/StarterContent/Textures/T_Ground_Moss_N.uasset" 274
"../../../BiomaticSGame/Content/Given/StarterContent/Materials/M_Ground_Moss.uasset" 275
"../../../BiomaticSGame/Content/Given/StarterContent/Textures/T_Metal_Aluminum_D.uasset" 276
"../../../BiomaticSGame/Content/Given/StarterContent/Textures/T_Metal_Gold_N.uasset" 277
"../../../BiomaticSGame/Content/Given/StarterContent/Materials/M_Metal_Burnished_Steel.uasset" 278
"../../../BiomaticSGame/Content/Given/StarterContent/Materials/M_Metal_Chrome.uasset" 279
"../../../BiomaticSGame/Content/Given/StarterContent/Textures/T_Metal_Gold_D.uasset" 280
"../../../BiomaticSGame/Content/Given/StarterContent/Materials/M_Metal_Gold.uasset" 281
"../../../BiomaticSGame/Content/Given/StarterContent/Textures/T_Metal_Steel_D.uasset" 282
"../../../BiomaticSGame/Content/Given/StarterContent/Textures/T_Metal_Steel_N.uasset" 283
"../../../BiomaticSGame/Content/Given/StarterContent/Materials/M_Metal_Steel.uasset" 284
"../../../BiomaticSGame/Content/Given/StarterContent/Textures/T_Rock_Basalt_D.uasset" 285
"../../../BiomaticSGame/Content/Given/StarterContent/Textures/T_Rock_Basalt_N.uasset" 286
"../../../BiomaticSGame/Content/Given/StarterContent/Materials/M_Rock_Basalt.uasset" 287
"../../../BiomaticSGame/Content/Given/StarterContent/Materials/M_Rock_Marble_Polished.uasset" 288
"../../../BiomaticSGame/Content/Given/StarterContent/Textures/T_Rock_Sandstone_D.uasset" 289
"../../../BiomaticSGame/Content/Given/StarterContent/Textures/T_Rock_Sandstone_N.uasset" 290
"../../../BiomaticSGame/Content/Given/StarterContent/Materials/M_Rock_Sandstone.uasset" 291
"../../../BiomaticSGame/Content/Given/StarterContent/Textures/T_Rock_Slate_D.uasset" 292
"../../../BiomaticSGame/Content/Given/StarterContent/Textures/T_Rock_Slate_N.uasset" 293
"../../../BiomaticSGame/Content/Given/StarterContent/Materials/M_Rock_Slate.uasset" 294
"../../../BiomaticSGame/Content/Given/StarterContent/Textures/T_Checker_Noise_M.uasset" 295
"../../../BiomaticSGame/Content/Given/StarterContent/Textures/T_Single_Tile_N.uasset" 296
"../../../BiomaticSGame/Content/Given/StarterContent/Textures/T_Tech_Dot_M.uasset" 297
"../../../BiomaticSGame/Content/Given/StarterContent/Textures/T_Tech_Dot_N.uasset" 298
"../../../BiomaticSGame/Content/Given/StarterContent/Materials/M_Tech_Checker_Dot.uasset" 299
"../../../Engine/Content/Functions/Engine_MaterialFunctions02/Utility/BlendAngleCorrectedNormals.uasset" 300
"../../../BiomaticSGame/Content/Given/StarterContent/Textures/T_Tech_Hex_Tile_M.uasset" 301
"../../../BiomaticSGame/Content/Given/StarterContent/Textures/T_Tech_Hex_Tile_N.uasset" 302
"../../../BiomaticSGame/Content/Given/StarterContent/Materials/M_Tech_Hex_Tile.uasset" 303
"../../../BiomaticSGame/Content/Given/StarterContent/Materials/M_Tech_Hex_Tile_Pulse.uasset" 304
"../../../BiomaticSGame/Content/Given/StarterContent/Textures/T_Tech_Panel_M.uasset" 305
"../../../BiomaticSGame/Content/Given/StarterContent/Textures/T_Tech_Panel_N.uasset" 306
"../../../BiomaticSGame/Content/Given/StarterContent/Materials/M_Tech_Panel.uasset" 307
"../../../BiomaticSGame/Content/Given/StarterContent/Materials/M_Water_Lake.uasset" 308
"../../../BiomaticSGame/Content/Given/StarterContent/Textures/T_Water_M.uasset" 309
"../../../BiomaticSGame/Content/Given/StarterContent/Materials/M_Water_Ocean.uasset" 310
"../../../BiomaticSGame/Content/Given/StarterContent/Textures/T_Wood_Floor_Walnut_D.uasset" 311
"../../../BiomaticSGame/Content/Given/StarterContent/Textures/T_Wood_Floor_Walnut_M.uasset" 312
"../../../BiomaticSGame/Content/Given/StarterContent/Textures/T_Wood_Floor_Walnut_N.uasset" 313
"../../../BiomaticSGame/Content/Given/StarterContent/Materials/M_Wood_Floor_Walnut_Polished.uasset" 314
"../../../Engine/Content/Functions/Engine_MaterialFunctions01/Opacity/AlphaOffset.uasset" 315
"../../../BiomaticSGame/Content/Given/StarterContent/Materials/M_Wood_Floor_Walnut_Worn.uasset" 316
"../../../BiomaticSGame/Content/Given/StarterContent/Textures/T_Wood_Oak_D.uasset" 317
"../../../BiomaticSGame/Content/Given/StarterContent/Textures/T_Wood_Oak_N.uasset" 318
"../../../BiomaticSGame/Content/Given/StarterContent/Materials/M_Wood_Oak.uasset" 319
"../../../BiomaticSGame/Content/Given/StarterContent/Textures/T_Wood_Pine_D.uasset" 320
"../../../BiomaticSGame/Content/Given/StarterContent/Textures/T_Wood_Pine_N.uasset" 321
"../../../BiomaticSGame/Content/Given/StarterContent/Materials/M_Wood_Pine.uasset" 322
"../../../BiomaticSGame/Content/Given/StarterContent/Textures/T_Wood_Walnut_D.uasset" 323
"../../../BiomaticSGame/Content/Given/StarterContent/Textures/T_Wood_Walnut_N.uasset" 324
"../../../BiomaticSGame/Content/Given/StarterContent/Materials/M_Wood_Walnut.uasset" 325
"../../../BiomaticSGame/Content/Given/StarterContent/Textures/T_Dust_Particle_D.uasset" 326
"../../../BiomaticSGame/Content/Given/StarterContent/Particles/Materials/M_Dust_Particle.uasset" 327
"../../../BiomaticSGame/Content/Given/StarterContent/Particles/P_Ambient_Dust.uasset" 328
"../../../BiomaticSGame/Content/Given/StarterContent/Textures/T_Explosion_SubUV.uasset" 329
"../../../BiomaticSGame/Content/Given/StarterContent/Particles/Materials/M_explosion_subUV.uasset" 330
"../../../BiomaticSGame/Content/Given/StarterContent/Particles/Materials/m_flare_01.uasset" 331
"../../../BiomaticSGame/Content/Given/StarterContent/Particles/Materials/M_radial_ramp.uasset" 332
"../../../BiomaticSGame/Content/Given/StarterContent/Textures/T_Bush_D.uasset" 333
"../../../BiomaticSGame/Content/Given/StarterContent/Textures/T_Bush_N.uasset" 334
"../../../BiomaticSGame/Content/Given/StarterContent/Props/Materials/M_Bush.uasset" 335
"../../../BiomaticSGame/Content/Given/StarterContent/Props/SM_Bush.uasset" 336
"../../../BiomaticSGame/Content/Given/StarterContent/Textures/T_Chair_M.uasset" 337
"../../../BiomaticSGame/Content/Given/StarterContent/Textures/T_Chair_N.uasset" 338
"../../../BiomaticSGame/Content/Given/StarterContent/Props/Materials/M_Chair.uasset" 339
"../../../BiomaticSGame/Content/Given/StarterContent/Props/SM_Chair.uasset" 340
"../../../BiomaticSGame/Content/Given/StarterContent/Textures/T_Frame_M.uasset" 341
"../../../BiomaticSGame/Content/Given/StarterContent/Textures/T_Frame_N.uasset" 342
"../../../BiomaticSGame/Content/Given/StarterContent/Props/Materials/M_Frame.uasset" 343
"../../../BiomaticSGame/Content/Given/StarterContent/Props/SM_CornerFrame.uasset" 344
"../../../BiomaticSGame/Content/Given/StarterContent/Props/SM_Couch.uasset" 345
"../../../BiomaticSGame/Content/Given/StarterContent/Materials/M_Glass.uasset" 346
"../../../BiomaticSGame/Content/Given/StarterContent/Textures/T_Door_M.uasset" 347
"../../../BiomaticSGame/Content/Given/StarterContent/Textures/T_Door_N.uasset" 348
"../../../BiomaticSGame/Content/Given/StarterContent/Props/Materials/M_Door.uasset" 349
"../../../BiomaticSGame/Content/Given/StarterContent/Props/SM_Door.uasset" 350
"../../../BiomaticSGame/Content/Given/StarterContent/Props/SM_DoorFrame.uasset" 351
"../../../BiomaticSGame/Content/Given/StarterContent/Props/SM_GlassWindow.uasset" 352
"../../../BiomaticSGame/Content/Given/StarterContent/Props/Materials/M_MaterialSphere.uasset" 353
"../../../BiomaticSGame/Content/Given/StarterContent/Props/Materials/M_MaterialSphere_Plain.uasset" 354
"../../../BiomaticSGame/Content/Given/StarterContent/Props/SM_MatPreviewMesh_02.uasset" 355
"../../../BiomaticSGame/Content/Given/StarterContent/Props/SM_PillarFrame.uasset" 356
"../../../BiomaticSGame/Content/Given/StarterContent/Props/SM_PillarFrame300.uasset" 357
"../../../BiomaticSGame/Content/Given/StarterContent/Textures/T_RockMesh_M.uasset" 358
"../../../BiomaticSGame/Content/Given/StarterContent/Textures/T_RockMesh_N.uasset" 359
"../../../BiomaticSGame/Content/Given/StarterContent/Props/Materials/M_Rock.uasset" 360
"../../../BiomaticSGame/Content/Given/StarterContent/Props/SM_Rock.uasset" 361
"../../../BiomaticSGame/Content/Given/StarterContent/Textures/T_Shelf_M.uasset" 362
"../../../BiomaticSGame/Content/Given/StarterContent/Textures/T_Shelf_N.uasset" 363
"../../../BiomaticSGame/Content/Given/StarterContent/Props/Materials/M_Shelf.uasset" 364
"../../../BiomaticSGame/Content/Given/StarterContent/Props/SM_Shelf.uasset" 365
"../../../BiomaticSGame/Content/Given/StarterContent/Props/SM_Stairs.uasset" 366
"../../../BiomaticSGame/Content/Given/StarterContent/Textures/T_Statue_M.uasset" 367
"../../../BiomaticSGame/Content/Given/StarterContent/Textures/T_Statue_N.uasset" 368
"../../../BiomaticSGame/Content/Given/StarterContent/Props/Materials/M_Statue.uasset" 369
"../../../BiomaticSGame/Content/Given/StarterContent/Props/Materials/M_StatueGlass.uasset" 370
"../../../BiomaticSGame/Content/Given/StarterContent/Props/SM_Statue.uasset" 371
"../../../BiomaticSGame/Content/Given/StarterContent/Textures/T_TableRound_M.uasset" 372
"../../../BiomaticSGame/Content/Given/StarterContent/Textures/T_TableRound_N.uasset" 373
"../../../BiomaticSGame/Content/Given/StarterContent/Props/Materials/M_TableRound.uasset" 374
"../../../BiomaticSGame/Content/Given/StarterContent/Props/SM_TableRound.uasset" 375
"../../../BiomaticSGame/Content/Given/StarterContent/Props/SM_WindowFrame.uasset" 376
"../../../BiomaticSGame/Content/Given/StarterContent/Shapes/Shape_Cone.uasset" 377
"../../../BiomaticSGame/Content/Given/StarterContent/Shapes/Shape_Cube.uasset" 378
"../../../BiomaticSGame/Content/Given/StarterContent/Shapes/Shape_Cylinder.uasset" 379
"../../../BiomaticSGame/Content/Given/StarterContent/Shapes/Shape_NarrowCapsule.uasset" 380
"../../../BiomaticSGame/Content/Given/StarterContent/Shapes/Shape_Pipe.uasset" 381
"../../../BiomaticSGame/Content/Given/StarterContent/Shapes/Shape_Pipe_180.uasset" 382
"../../../BiomaticSGame/Content/Given/StarterContent/Shapes/Shape_Pipe_90.uasset" 383
"../../../BiomaticSGame/Content/Given/StarterContent/Shapes/Shape_Plane.uasset" 384
"../../../BiomaticSGame/Content/Given/StarterContent/Shapes/Shape_QuadPyramid.uasset" 385
"../../../BiomaticSGame/Content/Given/StarterContent/Shapes/Shape_Sphere.uasset" 386
"../../../BiomaticSGame/Content/Given/StarterContent/Shapes/Shape_Torus.uasset" 387
"../../../BiomaticSGame/Content/Given/StarterContent/Shapes/Shape_Trim.uasset" 388
"../../../BiomaticSGame/Content/Given/StarterContent/Shapes/Shape_Trim_90_In.uasset" 389
"../../../BiomaticSGame/Content/Given/StarterContent/Shapes/Shape_Trim_90_Out.uasset" 390
"../../../BiomaticSGame/Content/Given/StarterContent/Shapes/Shape_TriPyramid.uasset" 391
"../../../BiomaticSGame/Content/Given/StarterContent/Shapes/Shape_Tube.uasset" 392
"../../../BiomaticSGame/Content/Given/StarterContent/Shapes/Shape_Wedge_A.uasset" 393
"../../../BiomaticSGame/Content/Given/StarterContent/Shapes/Shape_Wedge_B.uasset" 394
"../../../BiomaticSGame/Content/Given/StarterContent/Shapes/Shape_WideCapsule.uasset" 395
"../../../BiomaticSGame/Content/images/3_ceramic_black_silver_damask_coordinated_colors_tiles_texture-seamless.uasset" 396
"../../../BiomaticSGame/Content/images/battery.uasset" 397
"../../../BiomaticSGame/Content/images/BulletHole.uasset" 398
"../../../BiomaticSGame/Content/images/BulletHole_Mat.uasset" 399
"../../../BiomaticSGame/Content/images/NormalMap.uasset" 400
"../../../BiomaticSGame/Content/images/Pentacle_on_black.uasset" 401
"../../../BiomaticSGame/Content/images/rainbow.uasset" 402
"../../../BiomaticSGame/Content/images/TexturesCom_Murals0010_M.uasset" 403
"../../../BiomaticSGame/Content/images/ZFB_Pentagram_Blood_prc_kpl01.uasset" 404
"../../../BiomaticSGame/Content/images/Blood/blood01/blood01_Mat.uasset" 405
"../../../BiomaticSGame/Content/images/Decals/Blood/Splat1.uasset" 406
"../../../BiomaticSGame/Content/images/Decals/Blood/Splat1_normal.uasset" 407
"../../../BiomaticSGame/Content/images/Decals/Blood/Splat1_Mat.uasset" 408
"../../../BiomaticSGame/Content/images/Decals/Blood/blood01/blood01.uasset" 409
"../../../BiomaticSGame/Content/images/Decals/Blood/blood01/blood01NM.uasset" 410
"../../../BiomaticSGame/Content/images/Decals/Blood/blood01/blood01_Mat.uasset" 411
"../../../BiomaticSGame/Content/images/Decals/Blood/blood02/blood02.uasset" 412
"../../../BiomaticSGame/Content/images/Decals/Blood/blood02/blood02NM.uasset" 413
"../../../BiomaticSGame/Content/images/Decals/Blood/blood02/blood02_Mat.uasset" 414
"../../../BiomaticSGame/Content/images/Decals/Blood/blood03/blood03.uasset" 415
"../../../BiomaticSGame/Content/images/Decals/Blood/blood03/blood03NM.uasset" 416
"../../../BiomaticSGame/Content/images/Decals/Blood/blood03/blood03_Mat.uasset" 417
"../../../BiomaticSGame/Content/images/Decals/Blood/blood06/blood06.uasset" 418
"../../../BiomaticSGame/Content/images/Decals/Blood/blood06/blood06NM.uasset" 419
"../../../BiomaticSGame/Content/images/Decals/Blood/blood06/blood06_Mat.uasset" 420
"../../../BiomaticSGame/Content/images/Decals/Blood/blood07/blood07.uasset" 421
"../../../BiomaticSGame/Content/images/Decals/Blood/blood07/blood07NM.uasset" 422
"../../../BiomaticSGame/Content/images/Decals/Blood/blood07/blood07_Mat.uasset" 423
"../../../BiomaticSGame/Content/images/Decals/Stains/Stain01/Stain01.uasset" 424
"../../../BiomaticSGame/Content/images/Decals/Stains/Stain01/Stain01NM.uasset" 425
"../../../BiomaticSGame/Content/images/Decals/Stains/Stain01/Stain01_Mat.uasset" 426
"../../../BiomaticSGame/Content/images/Decals/Stains/Stain02/Stain02.uasset" 427
"../../../BiomaticSGame/Content/images/Decals/Stains/Stain02/Stain02NM.uasset" 428
"../../../BiomaticSGame/Content/images/Decals/Stains/Stain02/Stain02_Mat.uasset" 429
"../../../BiomaticSGame/Content/Imported/flashlight.uasset" 430
"../../../BiomaticSGame/Content/Imported/horn.uasset" 431
"../../../BiomaticSGame/Content/Imported/doors/door_frame_long_Cube_001.uasset" 432
"../../../BiomaticSGame/Content/Imported/doors/door01/door01_Cube_002.uasset" 433
"../../../BiomaticSGame/Content/Imported/doors/door01/door01_Cylinder.uasset" 434
"../../../BiomaticSGame/Content/Imported/doors/door02/door_long1_Cube_001.uasset" 435
"../../../BiomaticSGame/Content/Imported/doors/door02/door_long1_Cylinder.uasset" 436
"../../../BiomaticSGame/Content/Imported/doors/door03/door_long2_Cube_000.uasset" 437
"../../../BiomaticSGame/Content/Imported/doors/door03/door_long2_Cylinder_001.uasset" 438
"../../../BiomaticSGame/Content/Imported/furniture/couch_Cube_000.uasset" 439
"../../../BiomaticSGame/Content/Imported/furniture/couch_Cylinder_000.uasset" 440
"../../../BiomaticSGame/Content/Imported/furniture/picture_base_Cube.uasset" 441
"../../../BiomaticSGame/Content/Imported/furniture/picture_base_Cube_001.uasset" 442
"../../../BiomaticSGame/Content/Imported/ghost/ghost_body_animation_Anim_Armature_Move.uasset" 443
"../../../BiomaticSGame/Content/Imported/ghost/ghost_body_animation_Anim_Move.uasset" 444
"../../../BiomaticSGame/Content/Imported/modular/lvl2_Cube_075.uasset" 445
"../../../BiomaticSGame/Content/Imported/modular/base/door1/door01_Cube_001.uasset" 446
"../../../BiomaticSGame/Content/Imported/modular/base/door1/door01_Cube_002.uasset" 447
"../../../BiomaticSGame/Content/Imported/modular/base/door1/door01_Cylinder_001.uasset" 448
"../../../BiomaticSGame/Content/Imported/modular/wooden/corner_wooden02.uasset" 449
"../../../BiomaticSGame/Content/materials/basic/wood/m_wood_semirealistic01.uasset" 450
"../../../BiomaticSGame/Content/Imported/modular/wooden/wall_long_wooden01.uasset" 451
"../../../BiomaticSGame/Content/Imported/modular/wooden/wall_wooden02.uasset" 452
"../../../BiomaticSGame/Content/Imported/rocks/rock02.uasset" 453
"../../../BiomaticSGame/Content/Imported/rocks/rock04.uasset" 454
"../../../BiomaticSGame/Content/Imported/rocks/rock06.uasset" 455
"../../../BiomaticSGame/Content/Imported/trees/pine01_Cylinder.uasset" 456
"../../../BiomaticSGame/Content/images/cel_strip.uasset" 457
"../../../BiomaticSGame/Content/materials/m_cel.uasset" 458
"../../../BiomaticSGame/Content/materials/basic/light_bulb.uasset" 459
"../../../BiomaticSGame/Content/materials/basic/light_bulb_off.uasset" 460
"../../../Engine/Content/Functions/Engine_MaterialFunctions03/Blends/Lerp_ScratchGrime.uasset" 461
"../../../BiomaticSGame/Content/images/seamless-natural-grunge-textures-3.uasset" 462
"../../../BiomaticSGame/Content/materials/basic/wood_floor.uasset" 463
"../../../BiomaticSGame/Content/materials/basic/doors/m_handle.uasset" 464
"../../../BiomaticSGame/Content/materials/basic/doors/m_lock.uasset" 465
"../../../BiomaticSGame/Content/materials/basic/wood/m_wood05.uasset" 466
"../../../BiomaticSGame/Content/materials/basic/wood/m_wood06.uasset" 467
"../../../BiomaticSGame/Content/materials/basic/wood/m_wood07.uasset" 468
"../../../BiomaticSGame/Content/Objects/doorTrigger_Blueprint3.uasset" 469
"../../../BiomaticSGame/Content/Objects/voidTarget.uasset" 470
"../../../BiomaticSGame/Content/Objects/boss/bossController.uasset" 471
"../../../BiomaticSGame/Content/materials/m_orb.uasset" 472
"../../../BiomaticSGame/Content/Given/StarterContent/Props/MaterialSphere.uasset" 473
"../../../BiomaticSGame/Content/Objects/boss/orb.uasset" 474
"../../../BiomaticSGame/Content/Objects/enemies/BTTDestroyMemory.uasset" 475
"../../../BiomaticSGame/Content/Imported/furniture/bathroom_shelf01_Cube.uasset" 476
"../../../BiomaticSGame/Content/Imported/furniture/bathroom_shelf01_Cube_001.uasset" 477
"../../../BiomaticSGame/Content/Objects/furniture/bathroom_shelf01.uasset" 478
"../../../BiomaticSGame/Content/Imported/furniture/bathroom_sink_Cube.uasset" 479
"../../../BiomaticSGame/Content/Objects/furniture/bathroom_sink.uasset" 480
"../../../BiomaticSGame/Content/Imported/furniture/book.uasset" 481
"../../../BiomaticSGame/Content/Objects/furniture/books/book.uasset" 482
"../../../BiomaticSGame/Content/Imported/furniture/book01.uasset" 483
"../../../BiomaticSGame/Content/Objects/furniture/books/book01.uasset" 484
"../../../BiomaticSGame/Content/Imported/furniture/book02.uasset" 485
"../../../BiomaticSGame/Content/Objects/furniture/books/book02.uasset" 486
"../../../BiomaticSGame/Content/Imported/furniture/book03.uasset" 487
"../../../BiomaticSGame/Content/Objects/furniture/books/book03.uasset" 488
"../../../BiomaticSGame/Content/Imported/furniture/book04.uasset" 489
"../../../BiomaticSGame/Content/Objects/furniture/books/book04.uasset" 490
"../../../BiomaticSGame/Content/Imported/furniture/book05.uasset" 491
"../../../BiomaticSGame/Content/Objects/furniture/books/book05.uasset" 492
"../../../BiomaticSGame/Content/images/painting1.uasset" 493
"../../../BiomaticSGame/Content/materials/paintings/m_paint.uasset" 494
"../../../BiomaticSGame/Content/materials/paintings/m_painting_glass.uasset" 495
"../../../BiomaticSGame/Content/Imported/furniture/picture_frame_Cube.uasset" 496
"../../../BiomaticSGame/Content/Imported/furniture/picture_glass_Cube_001.uasset" 497
"../../../BiomaticSGame/Content/Objects/furniture/paintings/painting02.uasset" 498
"../../../BiomaticSGame/Content/Imported/furniture/window03_Cube.uasset" 499
"../../../BiomaticSGame/Content/Imported/furniture/window03_Cube_002.uasset" 500
"../../../BiomaticSGame/Content/Objects/furniture/windows/window03.uasset" 501
"../../../BiomaticSGame/Content/Imported/furniture/window04_Cube.uasset" 502
"../../../BiomaticSGame/Content/Imported/furniture/window04_Cube_003.uasset" 503
"../../../BiomaticSGame/Content/Objects/furniture/windows/window04.uasset" 504
"../../../BiomaticSGame/Content/Objects/GOODdoorTriggers/automaticDoor.uasset" 505
"../../../BiomaticSGame/Content/Objects/MuzzleFlash/MuzzleFlash.uasset" 506
"../../../BiomaticSGame/Content/Objects/MuzzleFlash/MuzzleFlashTexture.uasset" 507
"../../../BiomaticSGame/Content/Objects/MuzzleFlash/Muzzle_mat.uasset" 508
"../../../BiomaticSGame/Content/Objects/MuzzleFlash/MuzzlePart.uasset" 509
"../../../BiomaticSGame/Content/Objects/structures/modular/lvl2_Cube_000.uasset" 510
"../../../BiomaticSGame/Content/Imported/modular/base/corner02.uasset" 511
"../../../BiomaticSGame/Content/Objects/structures/modular/base/corner02.uasset" 512
"../../../BiomaticSGame/Content/Imported/modular/base/corner01.uasset" 513
"../../../BiomaticSGame/Content/Objects/structures/modular/base/corner01.uasset" 514
"../../../BiomaticSGame/Content/Imported/modular/base/door_frame.uasset" 515
"../../../BiomaticSGame/Content/Objects/structures/modular/base/door_frame.uasset" 516
"../../../BiomaticSGame/Content/Imported/modular/base/floor02.uasset" 517
"../../../BiomaticSGame/Content/Objects/structures/modular/base/floor02.uasset" 518
"../../../BiomaticSGame/Content/Imported/modular/base/floor04.uasset" 519
"../../../BiomaticSGame/Content/Objects/structures/modular/base/floor04.uasset" 520
"../../../BiomaticSGame/Content/Imported/modular/base/wall_long.uasset" 521
"../../../BiomaticSGame/Content/Objects/structures/modular/base/wall_long.uasset" 522
"../../../BiomaticSGame/Content/Objects/structures/modular/base/entrance.uasset" 523
"../../../BiomaticSGame/Content/Objects/structures/modular/base/entrance02.uasset" 524
"../../../BiomaticSGame/Content/Imported/modular/base/floor01.uasset" 525
"../../../BiomaticSGame/Content/Objects/structures/modular/base/floor01.uasset" 526
"../../../BiomaticSGame/Content/Imported/modular/base/floor03.uasset" 527
"../../../BiomaticSGame/Content/Objects/structures/modular/base/floor03.uasset" 528
"../../../BiomaticSGame/Content/Imported/modular/base/wall.uasset" 529
"../../../BiomaticSGame/Content/Objects/structures/modular/base/wall.uasset" 530
"../../../BiomaticSGame/Content/Imported/modular/wooden/corner_wooden01.uasset" 531
"../../../BiomaticSGame/Content/Objects/structures/modular/wooden/corner_wooden01.uasset" 532
"../../../BiomaticSGame/Content/particle_systems/skull.uasset" 533
"../../../BiomaticSGame/Content/Sound/366111__dkiller2204__indoor-footsteps.uasset" 534
"../../../BiomaticSGame/Content/Sound/BackgroundHouse.uasset" 535
"../../../BiomaticSGame/Content/Sound/die.uasset" 536
"../../../BiomaticSGame/Content/Sound/GhostHit.uasset" 537
"../../../BiomaticSGame/Content/Sound/walk01.uasset" 538
"../../../BiomaticSGame/Content/Sound/narrations/creepyplace.uasset" 539
"../../../BiomaticSGame/Content/Sound/narrations/end.uasset" 540
"../../../BiomaticSGame/Content/Sound/narrations/firstEnc.uasset" 541
"../../../BiomaticSGame/Content/Sound/narrations/gun.uasset" 542
"../../../BiomaticSGame/Content/Sound/narrations/lvl21.uasset" 543
"../../../BiomaticSGame/Content/Sound/narrations/lvl22.uasset" 544
"../../../BiomaticSGame/Content/Sound/narrations/What.uasset" 545
"../../../Engine/Content/EngineSky/C_Sky_Cloud_Color.uasset" 546
"../../../Engine/Content/EngineSky/C_Sky_Horizon_Color.uasset" 547
"../../../Engine/Content/EngineSky/C_Sky_Zenith_Color.uasset" 548
"../../../Engine/Content/EngineSky/T_Sky_Blue.uasset" 549
"../../../Engine/Content/EngineSky/T_Sky_Clouds_M.uasset" 550
"../../../Engine/Content/EngineSky/T_Sky_Stars.uasset" 551
"../../../Engine/Content/EngineSky/M_Sky_Panning_Clouds2.uasset" 552
"../../../Engine/Content/EngineSky/SM_SkySphere.uasset" 553
"../../../BiomaticSGame/Content/System/BP_Sky_Sphere2.uasset" 554
"../../../BiomaticSGame/Content/System/MyGameMode-MarcosComputer.uasset" 555
"../../../Engine/Content/BasicShapes/Cone.uasset" 556
"../../../Engine/Content/BasicShapes/Plane.uasset" 557
"../../../Engine/Content/EditorLandscapeResources/DataLayer.uasset" 558
"../../../Engine/Content/EditorMaterials/GizmoMaterial.uasset" 559
"../../../Engine/Content/EditorMaterials/MAT_Groups_Toggle.uasset" 560
"../../../Engine/Content/EditorMaterials/MAT_Groups_Visibility.uasset" 561
"../../../Engine/Content/EditorMaterials/PreviewShadowIndicator.uasset" 562
"../../../Engine/Content/EditorMaterials/PreviewShadowIndicatorMaterial.uasset" 563
"../../../Engine/Content/EditorMaterials/AssetViewer/EpicQuadPanorama_CC+EV1.uasset" 564
"../../../Engine/Content/EditorMaterials/MatineeGroups/MAT_ColorTrack.uasset" 565
"../../../Engine/Content/EditorMaterials/MatineeGroups/MAT_Groups_Anim.uasset" 566
"../../../Engine/Content/EditorMaterials/MatineeGroups/MAT_Groups_AudioMaster.uasset" 567
"../../../Engine/Content/EditorMaterials/MatineeGroups/MAT_Groups_Director.uasset" 568
"../../../Engine/Content/EditorMaterials/MatineeGroups/MAT_Groups_Event.uasset" 569
"../../../Engine/Content/EditorMaterials/MatineeGroups/MAT_Groups_Fade.uasset" 570
"../../../Engine/Content/EditorMaterials/MatineeGroups/MAT_Groups_Float.uasset" 571
"../../../Engine/Content/EditorMaterials/MatineeGroups/MAT_Groups_Move.uasset" 572
"../../../Engine/Content/EditorMaterials/MatineeGroups/MAT_Groups_Slomo.uasset" 573
"../../../Engine/Content/EditorMaterials/MatineeGroups/MAT_Groups_Sound.uasset" 574
"../../../Engine/Content/EditorMaterials/MatineeGroups/MAT_Groups_Vector.uasset" 575
"../../../Engine/Content/EditorMaterials/ParticleSystems/PSysThumbnail_NoImage.uasset" 576
"../../../Engine/Content/EditorMaterials/ParticleSystems/PSysThumbnail_OOD.uasset" 577
"../../../Engine/Content/EditorMaterials/Camera/CineMat.uasset" 578
"../../../Engine/Content/EditorMaterials/Camera/MI_CineMat_Rig.uasset" 579
"../../../Engine/Content/EditorMeshes/Camera/SM_CraneRig_Arm.uasset" 580
"../../../Engine/Content/EditorMeshes/Camera/SM_CraneRig_Base.uasset" 581
"../../../Engine/Content/EditorMeshes/Camera/SM_CraneRig_Body.uasset" 582
"../../../Engine/Content/EditorMeshes/Camera/SM_CraneRig_Mount.uasset" 583
"../../../Engine/Content/EditorMeshes/Camera/SM_RailRig_Mount.uasset" 584
"../../../Engine/Content/EditorMeshes/Camera/SM_RailRig_Track.uasset" 585
"../../../Engine/Content/EditorMeshes/ColorCalibrator/M_ChromeBall.uasset" 586
"../../../Engine/Content/EditorMeshes/ColorCalibrator/M_ClearCoat.uasset" 587
"../../../Engine/Content/EditorMeshes/ColorCalibrator/M_ClearCoatBlack.uasset" 588
"../../../Engine/Content/EditorMeshes/ColorCalibrator/M_ColorGrid.uasset" 589
"../../../Engine/Content/EditorMeshes/ColorCalibrator/M_GreyBall.uasset" 590
"../../../Engine/Content/EditorMeshes/ColorCalibrator/SM_ColorCalibrator.uasset" 591
"../../../Engine/Content/EditorResources/BSPVertex.uasset" 592
"../../../Engine/Content/EditorResources/EmptyActor.uasset" 593
"../../../Engine/Content/EditorResources/S_Actor.uasset" 594
"../../../Engine/Content/EditorResources/S_Trigger.uasset" 595
"../../../Engine/Content/EditorResources/LightIcons/S_LightError.uasset" 596
"../../../Engine/Content/EditorResources/SequenceRecorder/Countdown.uasset" 597
"../../../Engine/Content/EditorResources/SequenceRecorder/RecordingIndicator.uasset" 598
"../../../Engine/Content/EditorSounds/Notifications/CompileFailed.uasset" 599
"../../../Engine/Content/EditorSounds/Notifications/CompileFailed_Cue.uasset" 600
"../../../Engine/Content/EditorSounds/Notifications/CompileSuccess.uasset" 601
"../../../Engine/Content/EditorSounds/Notifications/CompileStart_Cue.uasset" 602
"../../../Engine/Content/EditorSounds/Notifications/CompileSuccess_Cue.uasset" 603
"../../../Engine/Content/EngineDamageTypes/DmgTypeBP_Environmental.uasset" 604
"../../../Engine/Content/EngineDebugMaterials/HeatmapGradient.uasset" 605
"../../../Engine/Content/EngineDebugMaterials/BoneWeightMaterial.uasset" 606
"../../../Engine/Content/EngineDebugMaterials/ClothMaterial.uasset" 607
"../../../Engine/Content/EngineDebugMaterials/DebugMeshMaterial.uasset" 608
"../../../Engine/Content/EngineDebugMaterials/GeomMaterial.uasset" 609
"../../../Engine/Content/EngineFonts/Faces/RobotoBold.uasset" 610
"../../../Engine/Content/EngineFonts/Faces/RobotoBoldItalic.uasset" 611
"../../../Engine/Content/EngineFonts/Faces/RobotoItalic.uasset" 612
"../../../Engine/Content/EngineFonts/Faces/RobotoLight.uasset" 613
"../../../Engine/Content/EngineFonts/Faces/RobotoRegular.uasset" 614
"../../../Engine/Content/EngineFonts/Roboto.uasset" 615
"../../../Engine/Content/EngineFonts/Faces/RobotoTiny.uasset" 616
"../../../Engine/Content/EngineFonts/RobotoTiny.uasset" 617
"../../../Engine/Content/EngineMaterials/DefaultBloomKernel.uasset" 618
"../../../Engine/Content/EngineMaterials/DefaultBokeh.uasset" 619
"../../../Engine/Content/EngineMaterials/DefaultDiffuse.uasset" 620
"../../../Engine/Content/EngineMaterials/DefaultDeferredDecalMaterial.uasset" 621
"../../../Engine/Content/EngineMaterials/DefaultLightFunctionMaterial.uasset" 622
"../../../Engine/Content/EngineMaterials/DefaultPhysicalMaterial.uasset" 623
"../../../Engine/Content/Functions/Engine_MaterialFunctions02/Utility/BreakOutFloat2Components.uasset" 624
"../../../Engine/Content/EngineMaterials/DefaultPostProcessMaterial.uasset" 625
"../../../Engine/Content/EngineFonts/RobotoDistanceField.uasset" 626
"../../../Engine/Content/EngineMaterials/DefaultTextMaterialOpaque.uasset" 627
"../../../Engine/Content/EngineMaterials/DefaultWhiteGrid.uasset" 628
"../../../Engine/Content/EngineMaterials/EditorBrushMaterial.uasset" 629
"../../../Engine/Content/EngineMaterials/Good64x64TilingNoiseHighFreq.uasset" 630
"../../../Engine/Content/EngineMaterials/MiniFont.uasset" 631
"../../../Engine/Content/EngineMaterials/InvalidLightmapSettings.uasset" 632
"../../../Engine/Content/EngineMaterials/M_InvalidLightmapSettings.uasset" 633
"../../../Engine/Content/EngineMaterials/PhAT_JointLimitMaterial.uasset" 634
"../../../Engine/Content/EngineMaterials/PreintegratedSkinBRDF.uasset" 635
"../../../Engine/Content/EngineMaterials/RemoveSurfaceMaterial.uasset" 636
"../../../Engine/Content/EngineMaterials/WeightMapPlaceholderTexture.uasset" 637
"../../../Engine/Content/EngineResources/WhiteSquareTexture.uasset" 638
"../../../Engine/Content/EngineMaterials/Widget3DPassThrough.uasset" 639
"../../../Engine/Content/EngineMaterials/Widget3DPassThrough_Masked.uasset" 640
"../../../Engine/Content/EngineMaterials/Widget3DPassThrough_Opaque.uasset" 641
"../../../Engine/Content/EngineMaterials/Widget3DPassThrough_Masked_OneSided.uasset" 642
"../../../Engine/Content/EngineMaterials/Widget3DPassThrough_Opaque_OneSided.uasset" 643
"../../../Engine/Content/EngineMaterials/Widget3DPassThrough_Translucent.uasset" 644
"../../../Engine/Content/EngineMaterials/Widget3DPassThrough_Translucent_OneSided.uasset" 645
"../../../Engine/Content/EngineMeshes/Cube.uasset" 646
"../../../Engine/Content/EngineMeshes/Cylinder.uasset" 647
"../../../Engine/Content/EngineMeshes/Sphere.uasset" 648
"../../../Engine/Content/EngineResources/Black.uasset" 649
"../../../Engine/Content/EngineResources/DefaultTexture.uasset" 650
"../../../Engine/Content/EngineResources/DefaultTextureCube.uasset" 651
"../../../Engine/Content/EngineResources/GradientTexture0.uasset" 652
"../../../Engine/Content/EngineSounds/Master.uasset" 653
"../../../Engine/Content/Functions/Engine_MaterialFunctions01/Shading/ConvertFromDiffSpec.uasset" 654
"../../../Engine/Content/Functions/Engine_MaterialFunctions01/Shading/PowerToRoughness.uasset" 655
"../../../Engine/Content/Maps/Templates/Thumbnails/Default.uasset" 656
"../../../Engine/Content/Maps/Templates/Thumbnails/VR-Basic.uasset" 657
"../../../Engine/Content/MobileResources/T_MobileControls_texture.uasset" 658
"../../../Engine/Content/MobileResources/T_MobileMenu2.uasset" 659
"../../../Engine/Content/MobileResources/HUD/AnalogHat.uasset" 660
"../../../Engine/Content/MobileResources/HUD/VirtualJoystick_Background.uasset" 661
"../../../Engine/Content/MobileResources/HUD/VirtualJoystick_Thumb.uasset" 662
"../../../Engine/Content/MobileResources/HUD/DefaultVirtualJoysticks.uasset" 663
"../../../Engine/Content/MobileResources/HUD/LeftVirtualJoystickOnly.uasset" 664
"../../../Engine/Content/MobileResources/HUD/MobileHUDButton1_off.uasset" 665
"../../../Engine/Content/MobileResources/HUD/MobileHUDButton1_on.uasset" 666
"../../../Engine/Content/MobileResources/HUD/MobileHUDButton2_off.uasset" 667
"../../../Engine/Content/MobileResources/HUD/MobileHUDButton2_on.uasset" 668
"../../../Engine/Content/MobileResources/HUD/MobileHUDButton3.uasset" 669
"../../../Engine/Content/MobileResources/HUD/MobileHUDButtonFire.uasset" 670
"../../../Engine/Content/MobileResources/HUD/MobileHUDDirectionPad.uasset" 671
"../../../Engine/Content/MobileResources/HUD/MobileHUDDirectionPad2.uasset" 672
"../../../Engine/Content/MobileResources/HUD/MobileHUDDirectionPad3.uasset" 673
"../../../Engine/Content/MobileResources/HUD/MobileHUDDirectionStick.uasset" 674
"../../../Engine/Content/MobileResources/HUD/T_Castle_ThumbstickInner.uasset" 675
"../../../Engine/Content/MobileResources/HUD/T_Castle_ThumbstickOutter.uasset" 676
"../../../Engine/Content/Tutorial/ContentIntroCurve.uasset" 677
"../../../Engine/Content/Tutorial/Basics/TutorialAssets/icon_tab_Levels_40x.uasset" 678
"../../../Engine/Content/Tutorial/BlueprintTutorials/TutorialAssets/BlueprintInterface_64x.uasset" 679
"../../../Engine/Content/Tutorial/BlueprintTutorials/TutorialAssets/BlueprintMacroLibrary_64x.uasset" 680
"../../../Engine/Content/Tutorial/BlueprintTutorials/TutorialAssets/Blueprint_64x.uasset" 681
"../../../Engine/Content/Tutorial/BlueprintTutorials/TutorialAssets/Tutorial_BP_Interface.uasset" 682
"../../../Engine/Content/Tutorial/Foliage/TutorialAssets/Foliage.uasset" 683
"../../../Engine/Content/Tutorial/Landscape/TutorialAssets/Landscape.uasset" 684
"../../../Engine/Content/Tutorial/Paper2D/TutorialAssets/Paper2DFlipbook_TutorialIcon.uasset" 685
"../../../Engine/Content/Tutorial/Paper2D/TutorialAssets/Paper2DSprite_TutorialIcon.uasset" 686
"../../../Engine/Content/Tutorial/SubEditors/TutorialAssets/icon_Editor_Preferences_General_40x.uasset" 687
"../../../Engine/Content/Tutorial/SubEditors/TutorialAssets/icon_ShowSkeletalMeshes_40x.uasset" 688
"../../../Engine/Content/Tutorial/SubEditors/TutorialAssets/TutorialMaterial.uasset" 689
"../../../Engine/Content/Tutorial/SubEditors/TutorialAssets/T_SmokeSubUV_8X8.uasset" 690
"../../../Engine/Content/Tutorial/SubEditors/TutorialAssets/T_soft_smoke.uasset" 691
"../../../Engine/Content/Tutorial/SubEditors/TutorialAssets/M_smoke_subUV_blackbody.uasset" 692
"../../../Engine/Content/Tutorial/SubEditors/TutorialAssets/TutorialParticleSystem.uasset" 693
"../../../Engine/Content/EditorMeshes/EditorCube.uasset" 694
"../../../Engine/Content/Tutorial/SubEditors/TutorialAssets/Tutorial_DM.uasset" 695
"../../../Engine/Content/VREditor/Devices/Generic/GenericHMDMaterial.uasset" 696
"../../../Engine/Content/VREditor/Devices/Generic/GenericHMD.uasset" 697
"../../../Engine/Content/VREditor/FloatingText/LineMaterial.uasset" 698
"../../../Engine/Content/VREditor/FloatingText/JointSphere.uasset" 699
"../../../Engine/Content/VREditor/FloatingText/LineSegmentCylinder.uasset" 700
"../../../Engine/Content/VREditor/Fonts/VRText_RobotoLarge.uasset" 701
"../../../Engine/Content/VREditor/Fonts/VRTextMaterial.uasset" 702
"../../../Engine/Content/VREditor/Fonts/TranslucentVRTextMaterial.uasset" 703
"../../../Engine/Content/VREditor/LaserPointer/VR_LaserPower_01.uasset" 704
"../../../Engine/Content/VREditor/TransformGizmo/TransformGizmoMaterial.uasset" 705
"../../../Engine/Content/VREditor/LaserPointer/HoverMaterial.uasset" 706
"../../../Engine/Content/VREditor/TransformGizmo/TranslucentTransformGizmoMaterial.uasset" 707
"../../../Engine/Content/VREditor/LaserPointer/TranslucentHoverMaterial.uasset" 708
"../../../Engine/Content/VREditor/LaserPointer/HoverMesh.uasset" 709
"../../../Engine/Content/VREditor/LaserPointer/LaserPointerMaterial.uasset" 710
"../../../Engine/Content/VREditor/LaserPointer/LaserPointerMaterialInst.uasset" 711
"../../../Engine/Content/VREditor/LaserPointer/TranslucentLaserPointerMaterialInst.uasset" 712
"../../../Engine/Content/VREditor/LaserPointer/LaserPointerMesh.uasset" 713
"../../../Engine/Content/VREditor/LaserPointer/LaserPointerMesh_End.uasset" 714
"../../../Engine/Content/VREditor/LaserPointer/LaserPointerMesh_Start.uasset" 715
"../../../Engine/Content/Functions/Engine_MaterialFunctions02/Utility/BreakOutFloat3Components.uasset" 716
"../../../Engine/Content/Functions/Engine_MaterialFunctions02/Math/Transform3x3Matrix.uasset" 717
"../../../Engine/Content/Functions/Engine_MaterialFunctions02/SplitComponents.uasset" 718
"../../../Engine/Content/Functions/Engine_MaterialFunctions02/Utility/MakeFloat3.uasset" 719
"../../../Engine/Content/VREditor/SnapGrid/SnapGridMaterial.uasset" 720
"../../../Engine/Content/VREditor/SnapGrid/SnapGridPlaneMesh.uasset" 721
"../../../Engine/Content/VREditor/Sounds/VR_teleport_Cue.uasset" 722
"../../../Engine/Content/VREditor/Sounds/UI/Click_on_Button_Cue.uasset" 723
"../../../Engine/Content/VREditor/Sounds/UI/Dockable_Window_Close.uasset" 724
"../../../Engine/Content/VREditor/Sounds/UI/Dockable_Window_Drop.uasset" 725
"../../../Engine/Content/VREditor/Sounds/UI/Dockable_Window_Open.uasset" 726
"../../../Engine/Content/VREditor/Sounds/UI/Dockable_Window_Pick_Up.uasset" 727
"../../../Engine/Content/VREditor/Sounds/UI/Drop_Item_From_ContentBrowser.uasset" 728
"../../../Engine/Content/VREditor/Sounds/UI/Floating_UI_Open-001.uasset" 729
"../../../Engine/Content/VREditor/Sounds/UI/Gizmo_Handle_Clicked.uasset" 730
"../../../Engine/Content/VREditor/Sounds/UI/Object_PickUp.uasset" 731
"../../../Engine/Content/VREditor/Sounds/UI/Object_Snaps_To_Another_Actor.uasset" 732
"../../../Engine/Content/VREditor/Sounds/UI/Object_Snaps_To_Grid.uasset" 733
"../../../Engine/Content/VREditor/Sounds/UI/Radial_Menu_FadeOut.uasset" 734
"../../../Engine/Content/VREditor/Sounds/UI/Scaling_Down.uasset" 735
"../../../Engine/Content/VREditor/Sounds/UI/Scaling_Up.uasset" 736
"../../../Engine/Content/VREditor/Sounds/UI/Selection_Changes.uasset" 737
"../../../Engine/Content/VREditor/Sounds/UI/Teleport_Mode_Entered.uasset" 738
"../../../Engine/Content/VREditor/Teleport/TeleportDirectionMaterial.uasset" 739
"../../../Engine/Content/VREditor/Teleport/TeleportDirectionMaterial_Inst.uasset" 740
"../../../Engine/Content/VREditor/Teleport/TeleportDirectionMesh.uasset" 741
"../../../Engine/Content/VREditor/TransformGizmo/BoundingBoxCorner.uasset" 742
"../../../Engine/Content/VREditor/TransformGizmo/BoundingBoxEdge.uasset" 743
"../../../Engine/Content/VREditor/TransformGizmo/PlaneTranslationHandle.uasset" 744
"../../../Engine/Content/VREditor/TransformGizmo/RotationHandle.uasset" 745
"../../../Engine/Content/VREditor/TransformGizmo/RotationHandleFull.uasset" 746
"../../../Engine/Content/VREditor/TransformGizmo/RotationHandleIndicator.uasset" 747
"../../../Engine/Content/VREditor/TransformGizmo/RotationHandleQuarter.uasset" 748
"../../../Engine/Content/VREditor/TransformGizmo/Main.uasset" 749
"../../../Engine/Content/VREditor/TransformGizmo/Xray.uasset" 750
"../../../Engine/Content/VREditor/TransformGizmo/SM_Dialog_Close.uasset" 751
"../../../Engine/Content/VREditor/TransformGizmo/SM_Dialog_Move.uasset" 752
"../../../Engine/Content/VREditor/TransformGizmo/SM_Sequencer_Key.uasset" 753
"../../../Engine/Content/VREditor/TransformGizmo/StartRotationHandleIndicator.uasset" 754
"../../../Engine/Content/VREditor/TransformGizmo/TransformGizmoMaterial_Inst.uasset" 755
"../../../Engine/Content/VREditor/TransformGizmo/TranslateArrowHandle.uasset" 756
"../../../Engine/Content/VREditor/TransformGizmo/TranslationHandle.uasset" 757
"../../../Engine/Content/VREditor/TransformGizmo/TranslucentTransformGizmoMaterial_Inst.uasset" 758
"../../../Engine/Content/VREditor/TransformGizmo/UniformScaleHandle.uasset" 759
"../../../Engine/Content/VREditor/UI/KeyDiskMaterial.uasset" 760
"../../../Engine/Content/VREditor/UI/DiscMaterial.uasset" 761
"../../../Engine/Content/VREditor/UI/SM_Radial_Disk.uasset" 762
"../../../Engine/Content/VREditor/WorldMovementGrid/SimpleGrid.uasset" 763
"../../../Engine/Content/VREditor/WorldMovementGrid/GridMaterial.uasset" 764
"../../../Engine/Content/Functions/Engine_MaterialFunctions01/Density/ExponentialDensity.uasset" 765
"../../../Engine/Content/VREditor/WorldMovementGrid/GridPostProcess.uasset" 766
"../../../Engine/Content/EditorLandscapeResources/FlattenHeightMat.uasset" 767
"../../../Engine/Content/VREditor/WorldMovementGrid/PlaneMesh.uasset" 768
"../../../Engine/Plugins/2D/Paper2D/Content/DummySprite.uasset" 769
"../../../Engine/Plugins/2D/Paper2D/Content/DefaultPaperTerrainMaterial.uasset" 770
"../../../Engine/Plugins/2D/Paper2D/Content/DefaultSpriteMaterial.uasset" 771
"../../../Engine/Plugins/2D/Paper2D/Content/MaskedUnlitSpriteMaterial.uasset" 772
"../../../Engine/Plugins/2D/Paper2D/Content/OpaqueUnlitSpriteMaterial.uasset" 773
"../../../Engine/Plugins/2D/Paper2D/Content/PlaceholderTextures/DummySpriteTexture.uasset" 774
"../../../Engine/Plugins/Runtime/GearVR/Content/Textures/GearVRController_AO.uasset" 775
"../../../Engine/Plugins/Runtime/GearVR/Content/Textures/GearVRController_Color.uasset" 776
"../../../Engine/Plugins/Runtime/GearVR/Content/Textures/GearVRController_Normal.uasset" 777
"../../../Engine/Plugins/Runtime/GearVR/Content/Materials/GearVRControllerMaterial.uasset" 778
"../../../Engine/Plugins/Runtime/GearVR/Content/Meshes/GearVrController.uasset" 779
"../../../BiomaticSGame/Content/HUD/FadeWidget.uasset" 780
"../../../BiomaticSGame/Content/Objects/doorTrigger_Blueprint.uasset" 781
"../../../Engine/Content/EngineSky/BP_Sky_Sphere.uasset" 782
"../../../BiomaticSGame/Content/images/ch1.uasset" 783
"../../../BiomaticSGame/Content/Given/FirstPersonBP/Blueprints/FirstPersonHUD.uasset" 784
"../../../BiomaticSGame/Content/Given/FirstPersonBP/Blueprints/FirstPersonGameMode.uasset" 785
"../../../BiomaticSGame/Content/materials/basic/m_leaves.uasset" 786
"../../../BiomaticSGame/Content/Imported/trees/pine01_Cylinder_001.uasset" 787
"../../../BiomaticSGame/Content/Imported/trees/pine02_Cylinder.uasset" 788
"../../../BiomaticSGame/Content/Objects/nature/pines/pine01.uasset" 789
"../../../BiomaticSGame/Content/Imported/trees/pine02_Cylinder_001.uasset" 790
"../../../BiomaticSGame/Content/Imported/trees/pine03_Cylinder.uasset" 791
"../../../BiomaticSGame/Content/Objects/nature/pines/pine02.uasset" 792
"../../../BiomaticSGame/Content/Imported/trees/pine03_Cylinder_001.uasset" 793
"../../../BiomaticSGame/Content/Objects/nature/pines/pine03.uasset" 794
"../../../BiomaticSGame/Content/Objects/nature/pines/pine04.uasset" 795
"../../../BiomaticSGame/Content/Objects/nature/pines/pine05.uasset" 796
"../../../BiomaticSGame/Content/Objects/nature/pines/pine06.uasset" 797
"../../../BiomaticSGame/Content/Objects/nature/pines/pine_group01.uasset" 798
"../../../BiomaticSGame/Content/Objects/nature/pines/pine_group02.uasset" 799
"../../../BiomaticSGame/Content/materials/basic/rock02.uasset" 800
"../../../BiomaticSGame/Content/Imported/rocks/rock01.uasset" 801
"../../../BiomaticSGame/Content/Objects/rocks/rock01.uasset" 802
"../../../BiomaticSGame/Content/Imported/rocks/rock03.uasset" 803
"../../../BiomaticSGame/Content/Objects/rocks/rock02.uasset" 804
"../../../BiomaticSGame/Content/Imported/rocks/rock05.uasset" 805
"../../../BiomaticSGame/Content/Objects/rocks/rock03.uasset" 806
"../../../BiomaticSGame/Content/materials/basic/rock01.uasset" 807
"../../../BiomaticSGame/Content/Imported/rocks/slabs/slab01.uasset" 808
"../../../BiomaticSGame/Content/Imported/rocks/slabs/slab02.uasset" 809
"../../../BiomaticSGame/Content/Imported/rocks/slabs/slab03.uasset" 810
"../../../BiomaticSGame/Content/Objects/rocks/slabs/slabs01.uasset" 811
"../../../BiomaticSGame/Content/Imported/rocks/slabs/slab06.uasset" 812
"../../../BiomaticSGame/Content/Objects/rocks/slabs/slabs02.uasset" 813
"../../../BiomaticSGame/Content/Imported/rocks/slabs/slab04.uasset" 814
"../../../BiomaticSGame/Content/Objects/rocks/slabs/slabs03.uasset" 815
"../../../BiomaticSGame/Content/Imported/rocks/slabs/slab05.uasset" 816
"../../../BiomaticSGame/Content/Objects/rocks/slabs/slabs04.uasset" 817
"../../../BiomaticSGame/Content/Objects/rocks/slabs/slabs05.uasset" 818
"../../../BiomaticSGame/Content/materials/house/m_house_base1.uasset" 819
"../../../BiomaticSGame/Content/Imported/doors/FirstLevelHouse/Handle.uasset" 820
"../../../BiomaticSGame/Content/Imported/doors/FirstLevelHouse/house_Cylinder.uasset" 821
"../../../BiomaticSGame/Content/Imported/doors/FirstLevelHouse/Door.uasset" 822
"../../../BiomaticSGame/Content/Imported/doors/FirstLevelHouse/house_Door_Frame_001.uasset" 823
"../../../BiomaticSGame/Content/Objects/structures/door.uasset" 824
"../../../BiomaticSGame/Content/materials/house/m_house_base.uasset" 825
"../../../BiomaticSGame/Content/materials/house/m_house_base2.uasset" 826
"../../../BiomaticSGame/Content/Imported/doors/FirstLevelHouse/House.uasset" 827
"../../../BiomaticSGame/Content/Imported/doors/FirstLevelHouse/house_Cube.uasset" 828
"../../../BiomaticSGame/Content/Imported/doors/FirstLevelHouse/house_Cube_003.uasset" 829
"../../../BiomaticSGame/Content/Imported/doors/FirstLevelHouse/house_Cube_004.uasset" 830
"../../../BiomaticSGame/Content/Imported/doors/FirstLevelHouse/house_Cube_005.uasset" 831
"../../../BiomaticSGame/Content/Imported/doors/FirstLevelHouse/Frame.uasset" 832
"../../../BiomaticSGame/Content/Imported/doors/FirstLevelHouse/house_Door_Frame.uasset" 833
"../../../BiomaticSGame/Content/Imported/doors/FirstLevelHouse/house_window.uasset" 834
"../../../BiomaticSGame/Content/Imported/doors/FirstLevelHouse/house_window02.uasset" 835
"../../../BiomaticSGame/Content/Objects/structures/house.uasset" 836
"../../../BiomaticSGame/Content/materials/basic/metal/Metal.uasset" 837
"../../../BiomaticSGame/Content/materials/basic/Transparent.uasset" 838
"../../../BiomaticSGame/Content/Imported/lantern_Cube.uasset" 839
"../../../BiomaticSGame/Content/Imported/lantern_Cylinder.uasset" 840
"../../../BiomaticSGame/Content/Imported/lantern_Cylinder_001.uasset" 841
"../../../BiomaticSGame/Content/Objects/structures/lantern.uasset" 842
"../../../BiomaticSGame/Content/Maps/Level1_BuiltData.uasset" 843
"../../../Engine/Content/BasicShapes/BasicShapeMaterial.uasset" 844
"../../../BiomaticSGame/Content/Given/StarterContent/Textures/T_Ground_Grass_D.uasset" 845
"../../../BiomaticSGame/Content/Given/StarterContent/Textures/T_Ground_Grass_N.uasset" 846
"../../../BiomaticSGame/Content/Given/StarterContent/Materials/M_Ground_Grass.uasset" 847
"../../../BiomaticSGame/Content/materials/house/light.uasset" 848
"../../../Engine/Content/BasicShapes/Cube.uasset" 849
"../../../Engine/Content/BasicShapes/Cylinder.uasset" 850
"../../../BiomaticSGame/Content/HUD/FadeInWidget.uasset" 851
"../../../BiomaticSGame/Content/Imported/terrain/terrain.uasset" 852
"../../../BiomaticSGame/Content/Sound/ForestBackground.uasset" 853
"../../../BiomaticSGame/Content/Sound/narrations/lvl1.uasset" 854
"../../../BiomaticSGame/Content/Maps/Level1.umap" 855
"../../../BiomaticSGame/Content/Objects/doorTrigger_Blueprint1.uasset" 856
"../../../BiomaticSGame/Content/Objects/doorTrigger_Blueprint2.uasset" 857
"../../../BiomaticSGame/Content/Imported/furniture/bed_Cube.uasset" 858
"../../../BiomaticSGame/Content/Imported/furniture/bed_Cube_001.uasset" 859
"../../../BiomaticSGame/Content/Imported/furniture/bed_Cube_002.uasset" 860
"../../../BiomaticSGame/Content/Objects/furniture/bed.uasset" 861
"../../../BiomaticSGame/Content/Imported/furniture/bench_Cube.uasset" 862
"../../../BiomaticSGame/Content/Imported/furniture/bench_Cube_003.uasset" 863
"../../../BiomaticSGame/Content/Objects/furniture/bench.uasset" 864
"../../../BiomaticSGame/Content/materials/basic/wood/m_wood03.uasset" 865
"../../../BiomaticSGame/Content/Imported/furniture/book_shelf_Cube.uasset" 866
"../../../BiomaticSGame/Content/Objects/furniture/book_shelf.uasset" 867
"../../../BiomaticSGame/Content/Imported/furniture/book_shelf_open_Cube.uasset" 868
"../../../BiomaticSGame/Content/Objects/furniture/book_shelf_open.uasset" 869
"../../../BiomaticSGame/Content/materials/basic/metal/m_metal04.uasset" 870
"../../../BiomaticSGame/Content/Imported/furniture/can_Cylinder.uasset" 871
"../../../BiomaticSGame/Content/Objects/furniture/can.uasset" 872
"../../../BiomaticSGame/Content/materials/basic/m_candle.uasset" 873
"../../../BiomaticSGame/Content/Imported/furniture/candle01_Cylinder.uasset" 874
"../../../BiomaticSGame/Content/Imported/furniture/candle01_Cylinder_001.uasset" 875
"../../../BiomaticSGame/Content/Objects/Fire/Fire_Mask_T.uasset" 876
"../../../BiomaticSGame/Content/Objects/Fire/T_FX_RoilingFlameModulate.uasset" 877
"../../../BiomaticSGame/Content/Objects/Fire/water_nrm.uasset" 878
"../../../BiomaticSGame/Content/Objects/Fire/Fire_m.uasset" 879
"../../../BiomaticSGame/Content/Objects/Fire/Fire_p.uasset" 880
"../../../BiomaticSGame/Content/Objects/furniture/candle01.uasset" 881
"../../../BiomaticSGame/Content/materials/carpets/m_carpet01.uasset" 882
"../../../BiomaticSGame/Content/Imported/furniture/carpet.uasset" 883
"../../../BiomaticSGame/Content/Objects/furniture/carpets/carpert01.uasset" 884
"../../../BiomaticSGame/Content/materials/carpets/m_carpet02.uasset" 885
"../../../BiomaticSGame/Content/Objects/furniture/carpets/carpert02.uasset" 886
"../../../BiomaticSGame/Content/materials/carpets/m_carpet03.uasset" 887
"../../../BiomaticSGame/Content/Objects/furniture/carpets/carpert03.uasset" 888
"../../../BiomaticSGame/Content/Objects/furniture/carpets/carpet_base.uasset" 889
"../../../BiomaticSGame/Content/materials/basic/m_lamp_cable.uasset" 890
"../../../BiomaticSGame/Content/materials/basic/m_metal_lamp.uasset" 891
"../../../BiomaticSGame/Content/Imported/furniture/ceeling_lamp01_Circle.uasset" 892
"../../../BiomaticSGame/Content/Imported/furniture/ceeling_lamp01_Circle_001.uasset" 893
"../../../BiomaticSGame/Content/Objects/furniture/ceeling_lamp01.uasset" 894
"../../../BiomaticSGame/Content/Imported/furniture/chair01_Cube_001.uasset" 895
"../../../BiomaticSGame/Content/Imported/furniture/chair01_Cube_002.uasset" 896
"../../../BiomaticSGame/Content/Objects/furniture/chair01.uasset" 897
"../../../BiomaticSGame/Content/materials/basic/chair_metal.uasset" 898
"../../../BiomaticSGame/Content/Imported/furniture/chair02_Cube_001.uasset" 899
"../../../BiomaticSGame/Content/Imported/furniture/chair02_Cube_002.uasset" 900
"../../../BiomaticSGame/Content/Objects/furniture/chair02.uasset" 901
"../../../BiomaticSGame/Content/Imported/furniture/circular_small_table_Cylinder.uasset" 902
"../../../BiomaticSGame/Content/Objects/furniture/circular_small_table.uasset" 903
"../../../BiomaticSGame/Content/Imported/furniture/couch_Cube_002.uasset" 904
"../../../BiomaticSGame/Content/Imported/furniture/couch_Cylinder_001.uasset" 905
"../../../BiomaticSGame/Content/Objects/furniture/couch.uasset" 906
"../../../BiomaticSGame/Content/Imported/furniture/coushion_Cube_002.uasset" 907
"../../../BiomaticSGame/Content/Objects/furniture/coushion.uasset" 908
"../../../BiomaticSGame/Content/Imported/furniture/lamp01_Cube.uasset" 909
"../../../BiomaticSGame/Content/Imported/furniture/lamp01_Cube_001.uasset" 910
"../../../BiomaticSGame/Content/Objects/furniture/lamp01.uasset" 911
"../../../BiomaticSGame/Content/Imported/furniture/locker01.uasset" 912
"../../../BiomaticSGame/Content/Objects/furniture/locker01_1.uasset" 913
"../../../BiomaticSGame/Content/materials/basic/metal/m_metal02.uasset" 914
"../../../BiomaticSGame/Content/Imported/furniture/night_table01_Cube_001.uasset" 915
"../../../BiomaticSGame/Content/Imported/furniture/night_table01_Cube_003.uasset" 916
"../../../BiomaticSGame/Content/Objects/furniture/night_table01.uasset" 917
"../../../BiomaticSGame/Content/Imported/furniture/night_table02_Cube.uasset" 918
"../../../BiomaticSGame/Content/Imported/furniture/night_table02_Cylinder.uasset" 919
"../../../BiomaticSGame/Content/Objects/furniture/night_table02.uasset" 920
"../../../BiomaticSGame/Content/Objects/furniture/paintings/painting01.uasset" 921
"../../../BiomaticSGame/Content/Imported/furniture/resting_chair_Cube_002.uasset" 922
"../../../BiomaticSGame/Content/Imported/furniture/resting_chair_Cylinder_001.uasset" 923
"../../../BiomaticSGame/Content/Objects/furniture/resting_chair.uasset" 924
"../../../BiomaticSGame/Content/Imported/furniture/shelf01_Cube.uasset" 925
"../../../BiomaticSGame/Content/Objects/furniture/shelf01.uasset" 926
"../../../BiomaticSGame/Content/Imported/furniture/table01_Cube.uasset" 927
"../../../BiomaticSGame/Content/Objects/furniture/table01.uasset" 928
"../../../BiomaticSGame/Content/materials/basic/wood/m_wood02.uasset" 929
"../../../BiomaticSGame/Content/Imported/furniture/wardrove01_Cube.uasset" 930
"../../../BiomaticSGame/Content/Objects/furniture/wardrove01.uasset" 931
"../../../BiomaticSGame/Content/Imported/furniture/weird_table_Cube.uasset" 932
"../../../BiomaticSGame/Content/Imported/furniture/weird_table_Cube_001.uasset" 933
"../../../BiomaticSGame/Content/Objects/furniture/weird_table.uasset" 934
"../../../BiomaticSGame/Content/Imported/furniture/window01_Cube.uasset" 935
"../../../BiomaticSGame/Content/Imported/furniture/window01_Cube_002.uasset" 936
"../../../BiomaticSGame/Content/Objects/furniture/windows/window01.uasset" 937
"../../../BiomaticSGame/Content/Imported/furniture/window02_Cube.uasset" 938
"../../../BiomaticSGame/Content/Imported/furniture/window02_Cube_001.uasset" 939
"../../../BiomaticSGame/Content/Objects/furniture/windows/window02.uasset" 940
"../../../BiomaticSGame/Content/System/BP_Sky_Sphere3.uasset" 941
"../../../BiomaticSGame/Content/System/MyGameMode.uasset" 942
"../../../BiomaticSGame/Content/Given/StarterContent/Materials/M_Metal_Brushed_Nickel.uasset" 943
"../../../BiomaticSGame/Content/Given/StarterContent/Textures/T_Metal_Copper_D.uasset" 944
"../../../BiomaticSGame/Content/Given/StarterContent/Materials/M_Metal_Copper.uasset" 945
"../../../BiomaticSGame/Content/Given/StarterContent/Textures/T_Metal_Rust_D.uasset" 946
"../../../BiomaticSGame/Content/Given/StarterContent/Materials/M_Metal_Rust.uasset" 947
"../../../BiomaticSGame/Content/materials/basic/m_bed.uasset" 948
"../../../BiomaticSGame/Content/materials/basic/translucent.uasset" 949
"../../../BiomaticSGame/Content/images/normal.uasset" 950
"../../../BiomaticSGame/Content/materials/basic/wood/wood_floor2.uasset" 951
"../../../BiomaticSGame/Content/images/Pentacle.uasset" 952
"../../../BiomaticSGame/Content/images/PentacleOnBlood.uasset" 953
"../../../BiomaticSGame/Content/materials/decals/m_decal_pentacle.uasset" 954
"../../../BiomaticSGame/Content/materials/m_roof.uasset" 955
"../../../BiomaticSGame/Content/materials/m_walls.uasset" 956
"../../../BiomaticSGame/Content/materials/basic/wood/m_coushin01.uasset" 957
"../../../BiomaticSGame/Content/materials/basic/wood/m_wood04.uasset" 958
"../../../Engine/Content/TemplateResources/M_Template_Master.uasset" 959
"../../../BiomaticSGame/Content/materials/My_Template_BaseGray_Metal1.uasset" 960
"../../../BiomaticSGame/Content/Fonts/punk_kid.uasset" 961
"../../../BiomaticSGame/Content/Fonts/punk_kid_Font.uasset" 962
"../../../BiomaticSGame/Content/HUD/ammo.uasset" 963
"../../../BiomaticSGame/Content/Imported/doors/door_frame_Cube_001.uasset" 964
"../../../BiomaticSGame/Content/Imported/modular/lvl2_Cube_000.uasset" 965
"../../../BiomaticSGame/Content/Imported/modular/lvl2_hall.uasset" 966
"../../../BiomaticSGame/Content/Imported/modular/wall_long2.uasset" 967
"../../../BiomaticSGame/Content/Objects/structures/modular/lvl2_Cube_075.uasset" 968
"../../../BiomaticSGame/Content/Maps/Level2.umap" 969
"../../../BiomaticSGame/Content/HUD/InstructionsInterface.uasset" 970
"../../../BiomaticSGame/Content/HUD/Instructions.uasset" 971
"../../../BiomaticSGame/Content/Sound/Click.uasset" 972
"../../../BiomaticSGame/Content/Sound/Hover.uasset" 973
"../../../BiomaticSGame/Content/HUD/MainMenuHUD.uasset" 974
"../../../BiomaticSGame/Content/Sound/CreepyBackground-MainMenu.uasset" 975
"../../../BiomaticSGame/Content/Maps/MainMenu.umap" 976
"../../../Engine/Content/Maps/Entry.umap" 977
